12.04.2016 21:01:24.038 [main] INFO  c.m.h.m.MrsConnectorApp:18 MRS some started
15.04.2016 02:40:20.922 [main] WARN  c.m.h.l.c.Hg6Config:39 Hg6 home dir property HOMEGUARD6_HOME not set, using current directory instead
15.04.2016 02:40:20.942 [main] ERROR c.m.h.l.c.ConfigLoader:185 Cannot load config
java.io.FileNotFoundException: config.props (Adresář nebo soubor neexistuje)
	at java.io.FileInputStream.open0(Native Method)
	at java.io.FileInputStream.open(FileInputStream.java:195)
	at java.io.FileInputStream.<init>(FileInputStream.java:138)
	at java.io.FileReader.<init>(FileReader.java:72)
	at cz.martlin.hg5.logic.config.ConfigLoader.load(ConfigLoader.java:181)
	at cz.martlin.hg5.logic.config.ConfigLoader.load(ConfigLoader.java:52)
	at cz.martlin.hg5.logic.config.Hg6Config.load(Hg6Config.java:55)
	at cz.martlin.hg5.logic.config.Hg6Config.get(Hg6Config.java:27)
	at cz.martlin.hg6.mrsApp.MrsConnectorApp.main(MrsConnectorApp.java:15)
15.04.2016 02:40:20.950 [main] ERROR c.m.h.l.c.ConfigLoader:143 Error during loading config file: 
java.lang.NumberFormatException: null
	at java.lang.Integer.parseInt(Integer.java:542)
	at java.lang.Integer.parseInt(Integer.java:615)
	at cz.martlin.hg5.logic.config.ConfigLoader.setTo(ConfigLoader.java:125)
	at cz.martlin.hg5.logic.config.ConfigLoader.load(ConfigLoader.java:53)
	at cz.martlin.hg5.logic.config.Hg6Config.load(Hg6Config.java:55)
	at cz.martlin.hg5.logic.config.Hg6Config.get(Hg6Config.java:27)
	at cz.martlin.hg6.mrsApp.MrsConnectorApp.main(MrsConnectorApp.java:15)
15.04.2016 02:40:20.951 [main] WARN  c.m.h.l.c.Hg6Config:29 Config file load failed. Will be used default instead.
15.04.2016 02:40:20.971 [main] INFO  c.m.h.m.MrsConnectorApp:20 MRS some started
15.04.2016 02:42:36.069 [main] INFO  c.m.h.m.MrsConnectorApp:20 MRS some started
23.04.2016 14:29:31.273 [WaiterThread] ERROR c.m.j.w.RequestsProcessor:101 An unahndled error occured during the handling of request: echoer echo "hi"
cz.martlin.jrest.misc.JRestException: Cannot deseriliaze request: echoer echo "hi"
	at cz.martlin.jrest.protocol.serializers.BaseShellLikeSerializer.deserializeRequest(BaseShellLikeSerializer.java:52)
	at cz.martlin.jrest.waiter.RequestsProcessor.processWithEncoding(RequestsProcessor.java:90)
	at cz.martlin.jrest.waiter.JRestServer.processRequest(JRestServer.java:125)
	at cz.martlin.jrest.waiter.JRestServer.awaitAndProcess(JRestServer.java:80)
	at cz.martlin.jrest.waiter.JRestWaiter.runServer(JRestWaiter.java:81)
	at cz.martlin.jrest.waiter.JRestWaiter.runWaiter(JRestWaiter.java:61)
	at cz.martlin.jrest.waiter.WaiterRunnable.run(WaiterRunnable.java:21)
	at java.lang.Thread.run(Thread.java:745)
Caused by: java.lang.IllegalStateException: Object of name echo not found
	at cz.martlin.jrest.impl.jarmil.serializers.JarmilShellLikeSerializer.deserializeObject(JarmilShellLikeSerializer.java:113)
	at cz.martlin.jrest.impl.jarmil.serializers.JarmilShellLikeSerializer.listToRequest(JarmilShellLikeSerializer.java:84)
	at cz.martlin.jrest.impl.jarmil.serializers.JarmilShellLikeSerializer.listToRequest(JarmilShellLikeSerializer.java:31)
	at cz.martlin.jrest.protocol.serializers.BaseShellLikeSerializer.deserializeRequest(BaseShellLikeSerializer.java:50)
	... 7 common frames omitted
23.04.2016 14:30:03.724 [WaiterThread] ERROR c.m.j.w.RequestsProcessor:101 An unahndled error occured during the handling of request: " " echoer echo "Hellllo"
cz.martlin.jrest.misc.JRestException: Cannot deseriliaze request: " " echoer echo "Hellllo"
	at cz.martlin.jrest.protocol.serializers.BaseShellLikeSerializer.deserializeRequest(BaseShellLikeSerializer.java:52)
	at cz.martlin.jrest.waiter.RequestsProcessor.processWithEncoding(RequestsProcessor.java:90)
	at cz.martlin.jrest.waiter.JRestServer.processRequest(JRestServer.java:125)
	at cz.martlin.jrest.waiter.JRestServer.awaitAndProcess(JRestServer.java:80)
	at cz.martlin.jrest.waiter.JRestWaiter.runServer(JRestWaiter.java:81)
	at cz.martlin.jrest.waiter.JRestWaiter.runWaiter(JRestWaiter.java:61)
	at cz.martlin.jrest.waiter.WaiterRunnable.run(WaiterRunnable.java:21)
	at java.lang.Thread.run(Thread.java:745)
Caused by: java.lang.IllegalArgumentException: Cannot serialize object Hellllo
	at cz.martlin.jrest.impl.jarmil.serializers.ValuesSerializer.deserialize(ValuesSerializer.java:113)
	at cz.martlin.jrest.impl.jarmil.serializers.ValuesSerializer.deserialize(ValuesSerializer.java:71)
	at cz.martlin.jrest.impl.jarmil.serializers.JarmilShellLikeSerializer.deserializeParameters(JarmilShellLikeSerializer.java:146)
	at cz.martlin.jrest.impl.jarmil.serializers.JarmilShellLikeSerializer.listToRequest(JarmilShellLikeSerializer.java:88)
	at cz.martlin.jrest.impl.jarmil.serializers.JarmilShellLikeSerializer.listToRequest(JarmilShellLikeSerializer.java:31)
	at cz.martlin.jrest.protocol.serializers.BaseShellLikeSerializer.deserializeRequest(BaseShellLikeSerializer.java:50)
	... 7 common frames omitted
Caused by: java.io.StreamCorruptedException: invalid stream header: 1DE96596
	at java.io.ObjectInputStream.readStreamHeader(ObjectInputStream.java:806)
	at java.io.ObjectInputStream.<init>(ObjectInputStream.java:299)
	at cz.martlin.jrest.impl.jarmil.serializers.ValuesSerializer.deserializeObject(ValuesSerializer.java:181)
	at cz.martlin.jrest.impl.jarmil.serializers.ValuesSerializer.deserialize(ValuesSerializer.java:111)
	... 12 common frames omitted
23.04.2016 14:38:19.920 [WaiterThread] ERROR c.m.j.w.RequestsProcessor:101 An unahndled error occured during the handling of request: " " hg6mrs start
cz.martlin.jrest.misc.JRestException: Cannot deseriliaze request: " " hg6mrs start
	at cz.martlin.jrest.protocol.serializers.BaseShellLikeSerializer.deserializeRequest(BaseShellLikeSerializer.java:52)
	at cz.martlin.jrest.waiter.RequestsProcessor.processWithEncoding(RequestsProcessor.java:90)
	at cz.martlin.jrest.waiter.JRestServer.processRequest(JRestServer.java:125)
	at cz.martlin.jrest.waiter.JRestServer.awaitAndProcess(JRestServer.java:80)
	at cz.martlin.jrest.waiter.JRestWaiter.runServer(JRestWaiter.java:81)
	at cz.martlin.jrest.waiter.JRestWaiter.runWaiter(JRestWaiter.java:61)
	at cz.martlin.jrest.waiter.WaiterRunnable.run(WaiterRunnable.java:21)
	at java.lang.Thread.run(Thread.java:745)
Caused by: java.lang.NoSuchMethodException: Cannot find the method start on cz.martlin.hg6.run.Hg6Mrs
	at cz.martlin.jrest.impl.jarmil.handlers.MethodsFinder.findMethod(MethodsFinder.java:57)
	at cz.martlin.jrest.impl.jarmil.serializers.JarmilShellLikeSerializer.deserializeMethod(JarmilShellLikeSerializer.java:101)
	at cz.martlin.jrest.impl.jarmil.serializers.JarmilShellLikeSerializer.listToRequest(JarmilShellLikeSerializer.java:90)
	at cz.martlin.jrest.impl.jarmil.serializers.JarmilShellLikeSerializer.listToRequest(JarmilShellLikeSerializer.java:31)
	at cz.martlin.jrest.protocol.serializers.BaseShellLikeSerializer.deserializeRequest(BaseShellLikeSerializer.java:50)
	... 7 common frames omitted
23.04.2016 14:39:27.043 [WaiterThread] ERROR c.m.j.w.RequestsProcessor:101 An unahndled error occured during the handling of request: " " waiterStopper stopWaiter
cz.martlin.jrest.misc.JRestException: Cannot deseriliaze request: " " waiterStopper stopWaiter
	at cz.martlin.jrest.protocol.serializers.BaseShellLikeSerializer.deserializeRequest(BaseShellLikeSerializer.java:52)
	at cz.martlin.jrest.waiter.RequestsProcessor.processWithEncoding(RequestsProcessor.java:90)
	at cz.martlin.jrest.waiter.JRestServer.processRequest(JRestServer.java:125)
	at cz.martlin.jrest.waiter.JRestServer.awaitAndProcess(JRestServer.java:80)
	at cz.martlin.jrest.waiter.JRestWaiter.runServer(JRestWaiter.java:81)
	at cz.martlin.jrest.waiter.JRestWaiter.runWaiter(JRestWaiter.java:61)
	at cz.martlin.jrest.waiter.WaiterRunnable.run(WaiterRunnable.java:21)
	at java.lang.Thread.run(Thread.java:745)
Caused by: java.lang.NoSuchMethodException: Cannot find the method stopWaiter on cz.martlin.jrest.impl.jarmil.handlers.WaiterStopper
	at cz.martlin.jrest.impl.jarmil.handlers.MethodsFinder.findMethod(MethodsFinder.java:57)
	at cz.martlin.jrest.impl.jarmil.serializers.JarmilShellLikeSerializer.deserializeMethod(JarmilShellLikeSerializer.java:101)
	at cz.martlin.jrest.impl.jarmil.serializers.JarmilShellLikeSerializer.listToRequest(JarmilShellLikeSerializer.java:90)
	at cz.martlin.jrest.impl.jarmil.serializers.JarmilShellLikeSerializer.listToRequest(JarmilShellLikeSerializer.java:31)
	at cz.martlin.jrest.protocol.serializers.BaseShellLikeSerializer.deserializeRequest(BaseShellLikeSerializer.java:50)
	... 7 common frames omitted
25.04.2016 01:28:41.805 [main] INFO 
				c.m.h.m.Hg6MrsLocalApp:27 MRS Conn local started
25.04.2016 01:29:11.382 [WaiterThread] ERROR
				c.m.j.i.j.h.JarmilRequestsPerformer:121 Target (or method) of request JarmilRequest [target=ObjectOnGuestTarget [name=hg6mrs], method=start, parameters=[]] not found
java.lang.NoSuchMethodException: Cannot find the method start on cz.martlin.hg6.mrsJRest.TestingHg6MrsConnCmdsProcImpl
	at cz.martlin.jrest.impl.jarmil.misc.MethodsFinder.findMethod(MethodsFinder.java:56)
	at cz.martlin.jrest.impl.jarmil.handler.JarmilRequestsPerformer.findMethod(JarmilRequestsPerformer.java:104)
	at cz.martlin.jrest.impl.jarmil.handler.JarmilRequestsPerformer.perform(JarmilRequestsPerformer.java:58)
	at cz.martlin.jrest.impl.jarmil.handler.JarmilHandler.handle(JarmilHandler.java:39)
	at cz.martlin.jrest.impl.jarmil.handler.JarmilHandler.handle(JarmilHandler.java:16)
	at cz.martlin.jrest.waiter.RequestsProcessor.process(RequestsProcessor.java:137)
	at cz.martlin.jrest.waiter.RequestsProcessor.processWithEncoding(RequestsProcessor.java:93)
	at cz.martlin.jrest.waiter.JRestServer.processRequest(JRestServer.java:125)
	at cz.martlin.jrest.waiter.JRestServer.awaitAndProcess(JRestServer.java:80)
	at cz.martlin.jrest.waiter.JRestWaiter.runServer(JRestWaiter.java:81)
	at cz.martlin.jrest.waiter.JRestWaiter.runWaiter(JRestWaiter.java:61)
	at cz.martlin.jrest.waiter.WaiterRunnable.run(WaiterRunnable.java:21)
	at java.lang.Thread.run(Thread.java:745)
25.04.2016 01:29:28.068 [WaiterThread] INFO 
				c.m.h.m.TestingHg6MrsConnCmdsProcImpl:22 Loop started
25.04.2016 01:32:13.347 [WaiterThread] INFO 
				c.m.h.m.TestingHg6MrsConnCmdsProcImpl:32 Synchronized
25.04.2016 01:32:27.654 [WaiterThread] ERROR
				c.m.j.i.j.h.JarmilRequestsPerformer:121 Target (or method) of request JarmilRequest [target=ObjectOnGuestTarget [name=hg6mrs], method=stop, parameters=[]] not found
java.lang.NoSuchMethodException: Cannot find the method stop on cz.martlin.hg6.mrsJRest.TestingHg6MrsConnCmdsProcImpl
	at cz.martlin.jrest.impl.jarmil.misc.MethodsFinder.findMethod(MethodsFinder.java:56)
	at cz.martlin.jrest.impl.jarmil.handler.JarmilRequestsPerformer.findMethod(JarmilRequestsPerformer.java:104)
	at cz.martlin.jrest.impl.jarmil.handler.JarmilRequestsPerformer.perform(JarmilRequestsPerformer.java:58)
	at cz.martlin.jrest.impl.jarmil.handler.JarmilHandler.handle(JarmilHandler.java:39)
	at cz.martlin.jrest.impl.jarmil.handler.JarmilHandler.handle(JarmilHandler.java:16)
	at cz.martlin.jrest.waiter.RequestsProcessor.process(RequestsProcessor.java:137)
	at cz.martlin.jrest.waiter.RequestsProcessor.processWithEncoding(RequestsProcessor.java:93)
	at cz.martlin.jrest.waiter.JRestServer.processRequest(JRestServer.java:125)
	at cz.martlin.jrest.waiter.JRestServer.awaitAndProcess(JRestServer.java:80)
	at cz.martlin.jrest.waiter.JRestWaiter.runServer(JRestWaiter.java:81)
	at cz.martlin.jrest.waiter.JRestWaiter.runWaiter(JRestWaiter.java:61)
	at cz.martlin.jrest.waiter.WaiterRunnable.run(WaiterRunnable.java:21)
	at java.lang.Thread.run(Thread.java:745)
25.04.2016 01:32:40.525 [WaiterThread] INFO 
				c.m.h.m.TestingHg6MrsConnCmdsProcImpl:27 Loop stopped
25.04.2016 01:33:42.231 [main] INFO 
				c.m.h.m.Hg6MrsLocalApp:25 MRS Conn local started
25.04.2016 02:04:36.043 [main] INFO 
				c.m.h.m.Hg6MrsLocalApp:25 MRS Conn local started
25.04.2016 02:37:20.416 [main] INFO 
				c.m.h.m.Hg6MrsLocalApp:25 MRS Conn local started
25.04.2016 02:38:51.229 [WaiterThread] ERROR
				c.m.j.i.j.h.JarmilRequestsPerformer:126 Method invocation of request JarmilRequest [target=ObjectOnGuestTarget [name=hg6mrs], method=synchronize, parameters=[]] failed
java.lang.reflect.InvocationTargetException: null
	at sun.reflect.NativeMethodAccessorImpl.invoke0(Native Method)
	at sun.reflect.NativeMethodAccessorImpl.invoke(NativeMethodAccessorImpl.java:62)
	at sun.reflect.DelegatingMethodAccessorImpl.invoke(DelegatingMethodAccessorImpl.java:43)
	at java.lang.reflect.Method.invoke(Method.java:497)
	at cz.martlin.jrest.impl.jarmil.targets.waiter.ObjectOnWaiterTarget.invoke(ObjectOnWaiterTarget.java:63)
	at cz.martlin.jrest.impl.jarmil.handler.JarmilRequestsPerformer.invokeMethod(JarmilRequestsPerformer.java:108)
	at cz.martlin.jrest.impl.jarmil.handler.JarmilRequestsPerformer.perform(JarmilRequestsPerformer.java:65)
	at cz.martlin.jrest.impl.jarmil.handler.JarmilHandler.handle(JarmilHandler.java:39)
	at cz.martlin.jrest.impl.jarmil.handler.JarmilHandler.handle(JarmilHandler.java:16)
	at cz.martlin.jrest.waiter.RequestsProcessor.process(RequestsProcessor.java:137)
	at cz.martlin.jrest.waiter.RequestsProcessor.processWithEncoding(RequestsProcessor.java:93)
	at cz.martlin.jrest.waiter.JRestServer.processRequest(JRestServer.java:125)
	at cz.martlin.jrest.waiter.JRestServer.awaitAndProcess(JRestServer.java:80)
	at cz.martlin.jrest.waiter.JRestWaiter.runServer(JRestWaiter.java:81)
	at cz.martlin.jrest.waiter.JRestWaiter.runWaiter(JRestWaiter.java:61)
	at cz.martlin.jrest.waiter.WaiterRunnable.run(WaiterRunnable.java:21)
	at java.lang.Thread.run(Thread.java:745)
Caused by: cz.martlin.hg6.mrs.Hg6MrsException: Cannot change local situation
	at cz.martlin.hg6.mrsLib.local.LocalSituationCreator.changeToSituation(LocalSituationCreator.java:99)
	at cz.martlin.hg6.mrsLib.sync.SituationsMrsSyncer.commitNewLocal(SituationsMrsSyncer.java:46)
	at cz.martlin.hg6.mrsLib.sync.SituationsMrsSyncer.synchronize(SituationsMrsSyncer.java:29)
	at cz.martlin.hg6.mrsApp.Hg6MrsConnRealCmdProc.synchronize(Hg6MrsConnRealCmdProc.java:33)
	... 17 common frames omitted
Caused by: cz.martlin.hg6.coreJRest.Hg6CoreConnException: Cannot invoke start
	at cz.martlin.hg6.coreJRest.Hg6CoreClient.start(Hg6CoreClient.java:29)
	at cz.martlin.hg6.mrsLib.local.LocalSituationCreator.doStatusChange(LocalSituationCreator.java:118)
	at cz.martlin.hg6.mrsLib.local.LocalSituationCreator.doSituationChange(LocalSituationCreator.java:108)
	at cz.martlin.hg6.mrsLib.local.LocalSituationCreator.changeToSituation(LocalSituationCreator.java:95)
	... 20 common frames omitted
Caused by: cz.martlin.jrest.misc.JRestException: Cannot deseriliaze response: OK null void
	at cz.martlin.jrest.protocol.serializers.BaseShellLikeSerializer.deserializeResponse(BaseShellLikeSerializer.java:72)
	at cz.martlin.jrest.guest.JRestGuest.sendRequest(JRestGuest.java:55)
	at cz.martlin.jrest.impl.jarmil.SingleJarmilGuest.invoke(SingleJarmilGuest.java:43)
	at cz.martlin.hg6.coreJRest.Hg6CoreClient.start(Hg6CoreClient.java:27)
	... 23 common frames omitted
Caused by: java.lang.ClassNotFoundException: void
	at java.net.URLClassLoader.findClass(URLClassLoader.java:381)
	at java.lang.ClassLoader.loadClass(ClassLoader.java:424)
	at sun.misc.Launcher$AppClassLoader.loadClass(Launcher.java:331)
	at java.lang.ClassLoader.loadClass(ClassLoader.java:357)
	at java.lang.Class.forName0(Native Method)
	at java.lang.Class.forName(Class.java:264)
	at cz.martlin.jrest.impl.jarmil.serializers.JarmilShellLikeSerializer.listToResponse(JarmilShellLikeSerializer.java:38)
	at cz.martlin.jrest.impl.jarmil.serializers.JarmilShellLikeSerializer.listToResponse(JarmilShellLikeSerializer.java:26)
	at cz.martlin.jrest.protocol.serializers.BaseShellLikeSerializer.deserializeResponse(BaseShellLikeSerializer.java:70)
	... 26 common frames omitted
25.04.2016 11:35:47.034 [main] INFO 
				c.m.h.m.Hg6MrsLocalApp:25 MRS Conn local started
27.04.2016 02:17:03.013 [WaiterThread] ERROR
				c.m.j.i.j.h.JarmilRequestsPerformer:126 Method invocation of request JarmilRequest [target=ObjectOnGuestTarget [name=hg6mrs], method=synchronize, parameters=[]] failed
java.lang.reflect.InvocationTargetException: null
	at sun.reflect.GeneratedMethodAccessor40.invoke(Unknown Source)
	at sun.reflect.DelegatingMethodAccessorImpl.invoke(DelegatingMethodAccessorImpl.java:43)
	at java.lang.reflect.Method.invoke(Method.java:497)
	at cz.martlin.jrest.impl.jarmil.targets.waiter.ObjectOnWaiterTarget.invoke(ObjectOnWaiterTarget.java:63)
	at cz.martlin.jrest.impl.jarmil.handler.JarmilRequestsPerformer.invokeMethod(JarmilRequestsPerformer.java:108)
	at cz.martlin.jrest.impl.jarmil.handler.JarmilRequestsPerformer.perform(JarmilRequestsPerformer.java:65)
	at cz.martlin.jrest.impl.jarmil.handler.JarmilHandler.handle(JarmilHandler.java:39)
	at cz.martlin.jrest.impl.jarmil.handler.JarmilHandler.handle(JarmilHandler.java:16)
	at cz.martlin.jrest.waiter.RequestsProcessor.process(RequestsProcessor.java:137)
	at cz.martlin.jrest.waiter.RequestsProcessor.processWithEncoding(RequestsProcessor.java:93)
	at cz.martlin.jrest.waiter.JRestServer.processRequest(JRestServer.java:125)
	at cz.martlin.jrest.waiter.JRestServer.awaitAndProcess(JRestServer.java:80)
	at cz.martlin.jrest.waiter.JRestWaiter.runServer(JRestWaiter.java:81)
	at cz.martlin.jrest.waiter.JRestWaiter.runWaiter(JRestWaiter.java:61)
	at cz.martlin.jrest.waiter.WaiterRunnable.run(WaiterRunnable.java:21)
	at java.lang.Thread.run(Thread.java:745)
Caused by: java.lang.NullPointerException: null
	at cz.martlin.hg6.mrs.diff.SituationDiffer.diffReports(SituationDiffer.java:44)
	at cz.martlin.hg6.mrs.diff.SituationDiffer.computeDifferences(SituationDiffer.java:27)
	at cz.martlin.hg6.mrsLib.sync.SituationsSyncerCore.synchronize(SituationsSyncerCore.java:12)
	at cz.martlin.hg6.mrsLib.sync.SituationsMrsSyncer.synchronize(SituationsMrsSyncer.java:24)
	at cz.martlin.hg6.mrsApp.Hg6MrsConnRealCmdProc.synchronize(Hg6MrsConnRealCmdProc.java:33)
	... 16 common frames omitted
27.04.2016 02:21:44.339 [main] INFO 
				c.m.h.m.Hg6MrsLocalApp:25 MRS Conn local started
